<?xml version="1.0" encoding="UTF-8"?>
<!-- Generated by org.testng.reporters.JUnitReportReporter -->
<testsuite skipped="0" hostname="DESKTOP-ASDSQIS" name="testNGConcepts.DifferentAnnotations" tests="3" failures="0" timestamp="12 Sep 2020 14:12:28 GMT" time="0.012" errors="0">
  <testcase name="faxTickets" time="0.002" classname="testNGConcepts.DifferentAnnotations"/>
  <testcase name="bookTickets" time="0.007" classname="testNGConcepts.DifferentAnnotations"/>
  <testcase name="cancelTickets" time="0.003" classname="testNGConcepts.DifferentAnnotations"/>
</testsuite> <!-- testNGConcepts.DifferentAnnotations -->
