<?xml version="1.0" encoding="UTF-8"?>
<!-- Generated by org.testng.reporters.JUnitReportReporter -->
<testsuite skipped="0" hostname="DESKTOP-ASDSQIS" name="testNGConcepts.PropertiesConcept" tests="1" failures="0" timestamp="12 Sep 2020 13:53:51 GMT" time="11.323" errors="0">
  <testcase name="login" time="11.323" classname="testNGConcepts.PropertiesConcept"/>
</testsuite> <!-- testNGConcepts.PropertiesConcept -->
