<?xml version="1.0" encoding="UTF-8"?>
<!-- Generated by org.testng.reporters.JUnitReportReporter -->
<testsuite skipped="2" hostname="DESKTOP-ASDSQIS" name="testNGConcepts.RealTimeCode" tests="3" failures="0" timestamp="12 Sep 2020 14:54:04 GMT" time="16.175" errors="0">
  <testcase name="loginTest" time="16.175" classname="testNGConcepts.RealTimeCode"/>
  <testcase name="checkApplicationTitle" classname="testNGConcepts.RealTimeCode">
    <skipped/>
  </testcase> <!-- checkApplicationTitle -->
  <testcase name="signupLinkTest" classname="testNGConcepts.RealTimeCode">
    <skipped/>
  </testcase> <!-- signupLinkTest -->
</testsuite> <!-- testNGConcepts.RealTimeCode -->
