<?xml version="1.0" encoding="UTF-8"?>
<!-- Generated by org.testng.reporters.JUnitReportReporter -->
<testsuite skipped="0" hostname="DESKTOP-ASDSQIS" name="testNGConcepts.DisplayPersonalDetails" tests="3" failures="0" timestamp="06 Sep 2020 13:21:10 GMT" time="0.018" errors="0">
  <testcase name="displayMobileNo" time="0.002" classname="testNGConcepts.DisplayPersonalDetails"/>
  <testcase name="displayEmailId" time="0.014" classname="testNGConcepts.DisplayPersonalDetails"/>
  <testcase name="displayName" time="0.002" classname="testNGConcepts.DisplayPersonalDetails"/>
</testsuite> <!-- testNGConcepts.DisplayPersonalDetails -->
