<?xml version="1.0" encoding="UTF-8"?>
<!-- Generated by org.testng.reporters.JUnitReportReporter -->
<testsuite skipped="0" hostname="DESKTOP-ASDSQIS" name="testNGConcepts.FirstTestNGCode" tests="1" failures="0" timestamp="06 Sep 2020 13:21:10 GMT" time="0.003" errors="0">
  <testcase name="displayMessage" time="0.003" classname="testNGConcepts.FirstTestNGCode"/>
</testsuite> <!-- testNGConcepts.FirstTestNGCode -->
