<?xml version="1.0" encoding="UTF-8"?>
<!-- Generated by org.testng.reporters.JUnitReportReporter -->
<testsuite skipped="0" hostname="DESKTOP-ASDSQIS" name="testNGConcepts.Priorities" tests="4" failures="0" timestamp="06 Sep 2020 13:39:34 GMT" time="0.020" errors="0">
  <testcase name="C" time="0.002" classname="testNGConcepts.Priorities"/>
  <testcase name="B" time="0.011" classname="testNGConcepts.Priorities"/>
  <testcase name="Z" time="0.001" classname="testNGConcepts.Priorities"/>
  <testcase name="A" time="0.006" classname="testNGConcepts.Priorities"/>
</testsuite> <!-- testNGConcepts.Priorities -->
