<?xml version="1.0" encoding="UTF-8"?>
<!-- Generated by org.testng.reporters.JUnitReportReporter -->
<testsuite skipped="0" hostname="DESKTOP-ASDSQIS" name="testNGConcepts.DataProviderConcept" tests="2" failures="0" timestamp="12 Sep 2020 13:28:36 GMT" time="32.781" errors="0">
  <testcase name="login" time="16.962" classname="testNGConcepts.DataProviderConcept"/>
  <testcase name="login" time="15.819" classname="testNGConcepts.DataProviderConcept"/>
</testsuite> <!-- testNGConcepts.DataProviderConcept -->
